<?xml version="1.0" encoding="UTF-8"?>
<!-- Generated by org.testng.reporters.JUnitReportReporter -->
<testsuite hostname="SMR-LAPTOP" failures="0" tests="2" name="multicart.addtocart.test.AddToCartMultipleProductTest" time="11.343" errors="0" timestamp="2021-01-25T06:19:54 EST" skipped="0">
  <testcase classname="multicart.addtocart.test.AddToCartMultipleProductTest" name="addToCart" time="5.764"/>
  <system-out/>
  <testcase classname="multicart.addtocart.test.AddToCartMultipleProductTest" name="addToCart" time="5.579"/>
  <system-out/>
</testsuite> <!-- multicart.addtocart.test.AddToCartMultipleProductTest -->
