<?xml version="1.0" encoding="UTF-8"?>
<!-- Generated by org.testng.reporters.JUnitReportReporter -->
<testsuite hostname="SMR-LAPTOP" failures="0" tests="2" name="test.SignInMultipleUserTest" time="30.547" errors="0" timestamp="2021-01-13T17:06:13 EST" skipped="0">
  <testcase classname="test.SignInMultipleUserTest" name="signIn" time="14.274"/>
  <system-out/>
  <testcase classname="test.SignInMultipleUserTest" name="signIn" time="16.273"/>
  <system-out/>
</testsuite> <!-- test.SignInMultipleUserTest -->
