<?xml version="1.0" encoding="UTF-8"?>
<!-- Generated by org.testng.reporters.JUnitReportReporter -->
<testsuite hostname="SMR-LAPTOP" failures="0" tests="2" name="multicart.addtocart.test.AddToCartMultipleUserAndProductTest" time="16.370" errors="0" timestamp="2021-01-25T06:19:54 EST" skipped="0">
  <testcase classname="multicart.addtocart.test.AddToCartMultipleUserAndProductTest" name="signIn" time="8.288"/>
  <system-out/>
  <testcase classname="multicart.addtocart.test.AddToCartMultipleUserAndProductTest" name="signIn" time="8.082"/>
  <system-out/>
</testsuite> <!-- multicart.addtocart.test.AddToCartMultipleUserAndProductTest -->
