<?xml version="1.0" encoding="UTF-8"?>
<!-- Generated by org.testng.reporters.JUnitReportReporter -->
<testsuite hostname="SMR-LAPTOP" failures="0" tests="1" name="main_tests.HomePageTest" time="13.288" errors="0" timestamp="2021-01-14T00:55:06 EST" skipped="0">
  <testcase classname="main_tests.HomePageTest" name="homePage" time="13.288"/>
  <system-out/>
</testsuite> <!-- main_tests.HomePageTest -->
