<?xml version="1.0" encoding="UTF-8"?>
<!-- Generated by org.testng.reporters.JUnitReportReporter -->
<testsuite hostname="SMR-LAPTOP" failures="0" tests="1" name="multicart.addtocart.test.AddToCartSingleUserTest" time="7.511" errors="0" timestamp="2021-01-25T06:19:54 EST" skipped="0">
  <testcase classname="multicart.addtocart.test.AddToCartSingleUserTest" name="addToCart" time="7.511"/>
  <system-out/>
</testsuite> <!-- multicart.addtocart.test.AddToCartSingleUserTest -->
