<?xml version="1.0" encoding="UTF-8"?>
<!-- Generated by org.testng.reporters.JUnitReportReporter -->
<testsuite hostname="SMR-LAPTOP" failures="0" tests="1" name="test.AddToCartSingleUserTest" time="27.960" errors="0" timestamp="2021-01-13T17:15:48 EST" skipped="0">
  <testcase classname="test.AddToCartSingleUserTest" name="addToCart" time="27.960"/>
  <system-out/>
</testsuite> <!-- test.AddToCartSingleUserTest -->
