<?xml version="1.0" encoding="UTF-8"?>
<!-- Generated by org.testng.reporters.JUnitReportReporter -->
<testsuite hostname="SMR-LAPTOP" failures="0" tests="1" name="extra.ReportsDemo" time="10.953" errors="0" timestamp="2021-01-18T13:18:27 EST" skipped="0">
  <testcase classname="extra.ReportsDemo" name="initialDemo" time="10.953"/>
  <system-out/>
</testsuite> <!-- extra.ReportsDemo -->
