<?xml version="1.0" encoding="UTF-8"?>
<!-- Generated by org.testng.reporters.JUnitReportReporter -->
<testsuite hostname="SMR-LAPTOP" failures="0" tests="1" name="extra.CreateAccountTest" time="15.128" errors="0" timestamp="2021-01-14T01:14:09 EST" skipped="0">
  <testcase classname="extra.CreateAccountTest" name="createAccount" time="15.128"/>
  <system-out/>
</testsuite> <!-- extra.CreateAccountTest -->
