<?xml version="1.0" encoding="UTF-8"?>
<!-- Generated by org.testng.reporters.JUnitReportReporter -->
<testsuite hostname="SMR-LAPTOP" failures="0" tests="1" name="extra.ForgotUserPassword" time="13.677" errors="0" timestamp="2021-01-21T15:10:58 EST" skipped="0">
  <testcase classname="extra.ForgotUserPassword" name="forgotPassword" time="13.677"/>
  <system-out/>
</testsuite> <!-- extra.ForgotUserPassword -->
