<?xml version="1.0" encoding="UTF-8"?>
<!-- Generated by org.testng.reporters.JUnitReportReporter -->
<testsuite hostname="SMR-LAPTOP" failures="0" tests="3" name="main_tests.MixPracticeTest" time="14.788" errors="0" timestamp="2021-01-14T00:20:53 EST" skipped="0">
  <testcase classname="main_tests.MixPracticeTest" name="homePage" time="2.139"/>
  <system-out/>
  <testcase classname="main_tests.MixPracticeTest" name="signInPage" time="3.635"/>
  <system-out/>
  <testcase classname="main_tests.MixPracticeTest" name="addToCart" time="9.014"/>
  <system-out/>
</testsuite> <!-- main_tests.MixPracticeTest -->
