<?xml version="1.0" encoding="UTF-8"?>
<!-- Generated by org.testng.reporters.JUnitReportReporter -->
<testsuite hostname="SMR-LAPTOP" failures="0" tests="1" name="multicartpages_test.HomePageTest" time="1.397" errors="0" timestamp="2021-01-19T08:15:40 EST" skipped="0">
  <testcase classname="multicartpages_test.HomePageTest" name="homePage" time="1.397"/>
  <system-out/>
</testsuite> <!-- multicartpages_test.HomePageTest -->
