<?xml version="1.0" encoding="UTF-8"?>
<!-- Generated by org.testng.reporters.JUnitReportReporter -->
<testsuite hostname="SMR-LAPTOP" failures="0" tests="2" name="multicart.pages.test.SignInMultipleUserTest" time="4.660" errors="0" timestamp="2021-01-25T06:18:02 EST" skipped="0">
  <testcase classname="multicart.pages.test.SignInMultipleUserTest" name="signIn" time="2.239"/>
  <system-out/>
  <testcase classname="multicart.pages.test.SignInMultipleUserTest" name="signIn" time="2.421"/>
  <system-out/>
</testsuite> <!-- multicart.pages.test.SignInMultipleUserTest -->
