<?xml version="1.0" encoding="UTF-8"?>
<!-- Generated by org.testng.reporters.JUnitReportReporter -->
<testsuite hostname="SMR-LAPTOP" failures="0" tests="1" name="multicart.pages.test.CreateUserAccountTest" time="16.781" errors="0" timestamp="2021-01-25T06:16:57 EST" skipped="0">
  <testcase classname="multicart.pages.test.CreateUserAccountTest" name="createAccount" time="16.781"/>
  <system-out/>
</testsuite> <!-- multicart.pages.test.CreateUserAccountTest -->
