<?xml version="1.0" encoding="UTF-8"?>
<!-- Generated by org.testng.reporters.JUnitReportReporter -->
<testsuite hostname="SMR-LAPTOP" failures="0" tests="1" name="multicart.pages.test.SignInFromDB" time="2.620" errors="0" timestamp="2021-01-25T19:52:50 EST" skipped="0">
  <testcase classname="multicart.pages.test.SignInFromDB" name="signIn" time="2.620"/>
  <system-out/>
</testsuite> <!-- multicart.pages.test.SignInFromDB -->
