<?xml version="1.0" encoding="UTF-8"?>
<!-- Generated by org.testng.reporters.JUnitReportReporter -->
<testsuite hostname="SMR-LAPTOP" failures="0" tests="1" name="multicart.pages.test.HomePageTest" time="1.853" errors="0" timestamp="2021-01-25T06:18:02 EST" skipped="0">
  <testcase classname="multicart.pages.test.HomePageTest" name="homePage" time="1.853"/>
  <system-out/>
</testsuite> <!-- multicart.pages.test.HomePageTest -->
