<?xml version="1.0" encoding="UTF-8"?>
<!-- Generated by org.testng.reporters.JUnitReportReporter -->
<testsuite hostname="SMR-LAPTOP" failures="0" tests="2" name="test.AddToCartMultipleUserTest2" time="58.011" errors="0" timestamp="2021-01-12T16:21:02 EST" skipped="0">
  <testcase classname="test.AddToCartMultipleUserTest2" name="addToCart" time="28.559"/>
  <system-out/>
  <testcase classname="test.AddToCartMultipleUserTest2" name="addToCart" time="29.452"/>
  <system-out/>
</testsuite> <!-- test.AddToCartMultipleUserTest2 -->
