<?xml version="1.0" encoding="UTF-8"?>
<!-- Generated by org.testng.reporters.JUnitReportReporter -->
<testsuite hostname="SMR-LAPTOP" failures="0" tests="1" name="test.HomePageTest" time="18.431" errors="0" timestamp="2021-01-13T15:58:17 EST" skipped="0">
  <testcase classname="test.HomePageTest" name="homePage" time="18.431"/>
  <system-out/>
</testsuite> <!-- test.HomePageTest -->
