<?xml version="1.0" encoding="UTF-8"?>
<!-- Generated by org.testng.reporters.JUnitReportReporter -->
<testsuite hostname="SMR-LAPTOP" failures="0" tests="1" name="multicartpagestest.HomePageTest" time="1.313" errors="0" timestamp="2021-01-19T08:33:50 EST" skipped="0">
  <testcase classname="multicartpagestest.HomePageTest" name="homePage" time="1.313"/>
  <system-out/>
</testsuite> <!-- multicartpagestest.HomePageTest -->
