<?xml version="1.0" encoding="UTF-8"?>
<!-- Generated by org.testng.reporters.JUnitReportReporter -->
<testsuite hostname="SMR-LAPTOP" failures="0" tests="2" name="multicartpages_test.SignInMultipleUserTest" time="3.452" errors="0" timestamp="2021-01-19T08:15:40 EST" skipped="0">
  <testcase classname="multicartpages_test.SignInMultipleUserTest" name="signIn" time="1.831"/>
  <system-out/>
  <testcase classname="multicartpages_test.SignInMultipleUserTest" name="signIn" time="1.621"/>
  <system-out/>
</testsuite> <!-- multicartpages_test.SignInMultipleUserTest -->
