<?xml version="1.0" encoding="UTF-8"?>
<!-- Generated by org.testng.reporters.JUnitReportReporter -->
<testsuite hostname="SMR-LAPTOP" failures="0" tests="1" name="extra.CreateUserAccount" time="13.309" errors="0" timestamp="2021-01-19T05:44:51 EST" skipped="0">
  <testcase classname="extra.CreateUserAccount" name="createAccount" time="13.309"/>
  <system-out/>
</testsuite> <!-- extra.CreateUserAccount -->
