<?xml version="1.0" encoding="UTF-8"?>
<!-- Generated by org.testng.reporters.JUnitReportReporter -->
<testsuite hostname="SMR-LAPTOP" failures="0" tests="2" name="test.AddToCartMultipleUserTest" time="54.075" errors="0" timestamp="2021-01-13T19:58:59 EST" skipped="0">
  <testcase classname="test.AddToCartMultipleUserTest" name="signIn" time="26.453"/>
  <system-out/>
  <testcase classname="test.AddToCartMultipleUserTest" name="signIn" time="27.622"/>
  <system-out/>
</testsuite> <!-- test.AddToCartMultipleUserTest -->
