<?xml version="1.0" encoding="UTF-8"?>
<!-- Generated by org.testng.reporters.JUnitReportReporter -->
<testsuite hostname="SMR-LAPTOP" failures="0" tests="2" name="add_to_cart_test.AddToCartMultipleUserAndProductTest" time="51.405" errors="0" timestamp="2021-01-14T08:29:56 EST" skipped="0">
  <testcase classname="add_to_cart_test.AddToCartMultipleUserAndProductTest" name="signIn" time="25.080"/>
  <system-out/>
  <testcase classname="add_to_cart_test.AddToCartMultipleUserAndProductTest" name="signIn" time="26.325"/>
  <system-out/>
</testsuite> <!-- add_to_cart_test.AddToCartMultipleUserAndProductTest -->
