<?xml version="1.0" encoding="UTF-8"?>
<!-- Generated by org.testng.reporters.JUnitReportReporter -->
<testsuite hostname="SMR-LAPTOP" failures="0" tests="3" name="add_to_cart_test.AddToCartSingleUserTest" time="15.659" errors="0" timestamp="2021-01-14T08:23:28 EST" skipped="0">
  <testcase classname="add_to_cart_test.AddToCartSingleUserTest" name="homePage" time="2.469"/>
  <system-out/>
  <testcase classname="add_to_cart_test.AddToCartSingleUserTest" name="signInPage" time="3.635"/>
  <system-out/>
  <testcase classname="add_to_cart_test.AddToCartSingleUserTest" name="addToCart" time="9.555"/>
  <system-out/>
</testsuite> <!-- add_to_cart_test.AddToCartSingleUserTest -->
