<?xml version="1.0" encoding="UTF-8"?>
<!-- Generated by org.testng.reporters.JUnitReportReporter -->
<testsuite hostname="SMR-LAPTOP" failures="0" tests="1" name="test.CreateAccountTest" time="15.380" errors="0" timestamp="2021-01-13T17:04:37 EST" skipped="0">
  <testcase classname="test.CreateAccountTest" name="createAccount" time="15.380"/>
  <system-out/>
</testsuite> <!-- test.CreateAccountTest -->
