<?xml version="1.0" encoding="UTF-8"?>
<!-- Generated by org.testng.reporters.JUnitReportReporter -->
<testsuite hostname="SMR-LAPTOP" failures="0" tests="1" name="multicartpages_test.SignInSingleUserTest" time="1.148" errors="0" timestamp="2021-01-19T08:15:40 EST" skipped="0">
  <testcase classname="multicartpages_test.SignInSingleUserTest" name="signIn" time="1.148"/>
  <system-out/>
</testsuite> <!-- multicartpages_test.SignInSingleUserTest -->
