<?xml version="1.0" encoding="UTF-8"?>
<!-- Generated by org.testng.reporters.JUnitReportReporter -->
<testsuite hostname="SMR-LAPTOP" failures="0" tests="4" name="test.MainTest" time="27.831" errors="0" timestamp="2021-01-13T08:36:26 EST" skipped="0">
  <testcase classname="test.MainTest" name="openBrowser" time="9.506"/>
  <system-out/>
  <testcase classname="test.MainTest" name="homePage" time="2.255"/>
  <system-out/>
  <testcase classname="test.MainTest" name="signInPage" time="3.588"/>
  <system-out/>
  <testcase classname="test.MainTest" name="addToCart" time="12.482"/>
  <system-out/>
</testsuite> <!-- test.MainTest -->
