<?xml version="1.0" encoding="UTF-8"?>
<!-- Generated by org.testng.reporters.JUnitReportReporter -->
<testsuite hostname="SMR-LAPTOP" failures="0" tests="2" name="main_tests.SignInMultipleUserTest" time="34.744" errors="0" timestamp="2021-01-14T00:55:06 EST" skipped="0">
  <testcase classname="main_tests.SignInMultipleUserTest" name="signIn" time="17.286"/>
  <system-out/>
  <testcase classname="main_tests.SignInMultipleUserTest" name="signIn" time="17.458"/>
  <system-out/>
</testsuite> <!-- main_tests.SignInMultipleUserTest -->
