<?xml version="1.0" encoding="UTF-8"?>
<!-- Generated by org.testng.reporters.JUnitReportReporter -->
<testsuite hostname="SMR-LAPTOP" failures="0" tests="2" name="add_to_cart_test.AddToCartMultipleProductTest" time="52.017" errors="0" timestamp="2021-01-14T08:28:36 EST" skipped="0">
  <testcase classname="add_to_cart_test.AddToCartMultipleProductTest" name="addToCart" time="26.261"/>
  <system-out/>
  <testcase classname="add_to_cart_test.AddToCartMultipleProductTest" name="addToCart" time="25.756"/>
  <system-out/>
</testsuite> <!-- add_to_cart_test.AddToCartMultipleProductTest -->
