<?xml version="1.0" encoding="UTF-8"?>
<!-- Generated by org.testng.reporters.JUnitReportReporter -->
<testsuite hostname="SMR-LAPTOP" failures="0" tests="2" name="multicart.pages.test.SignInMultipleUserTest" time="5.333" errors="0" timestamp="2021-01-21T15:19:36 EST" skipped="0">
  <testcase classname="multicart.pages.test.SignInMultipleUserTest" name="signIn" time="2.654"/>
  <system-out/>
  <testcase classname="multicart.pages.test.SignInMultipleUserTest" name="signIn" time="2.679"/>
  <system-out/>
</testsuite> <!-- multicart.pages.test.SignInMultipleUserTest -->
