<?xml version="1.0" encoding="UTF-8"?>
<!-- Generated by org.testng.reporters.JUnitReportReporter -->
<testsuite hostname="SMR-LAPTOP" failures="0" tests="1" name="multicart.pages.test.SignInSingleUserTest" time="1.669" errors="0" timestamp="2021-01-21T15:19:36 EST" skipped="0">
  <testcase classname="multicart.pages.test.SignInSingleUserTest" name="signIn" time="1.669"/>
  <system-out/>
</testsuite> <!-- multicart.pages.test.SignInSingleUserTest -->
